<?xml version="1.0" encoding="UTF-8"?>
<testsuite xmlns:xsi="http://www.w3.org/2001/XMLSchema-instance" xsi:noNamespaceSchemaLocation="https://maven.apache.org/surefire/maven-surefire-plugin/xsd/surefire-test-report.xsd" name="pwo.AppTest" time="0.045" tests="1" errors="0" skipped="0" failures="0">
  <properties>
    <property name="sun.desktop" value="windows"/>
    <property name="awt.toolkit" value="sun.awt.windows.WToolkit"/>
    <property name="java.specification.version" value="11"/>
    <property name="sun.cpu.isalist" value="amd64"/>
    <property name="sun.jnu.encoding" value="Cp1251"/>
    <property name="java.class.path" value="D:\Programmers\NetBeansProjects\PWO\lab07\target\test-classes;D:\Programmers\NetBeansProjects\PWO\lab07\target\classes;C:\Users\bubur\.m2\repository\junit\junit\4.11\junit-4.11.jar;C:\Users\bubur\.m2\repository\org\hamcrest\hamcrest-core\1.3\hamcrest-core-1.3.jar;C:\Users\bubur\.m2\repository\org\apache\pdfbox\pdfbox\2.0.1\pdfbox-2.0.1.jar;C:\Users\bubur\.m2\repository\org\apache\pdfbox\fontbox\2.0.1\fontbox-2.0.1.jar;C:\Users\bubur\.m2\repository\commons-logging\commons-logging\1.2\commons-logging-1.2.jar;"/>
    <property name="java.vm.vendor" value="JetBrains s.r.o"/>
    <property name="sun.arch.data.model" value="64"/>
    <property name="user.variant" value=""/>
    <property name="java.vendor.url" value="https://openjdk.java.net/"/>
    <property name="user.timezone" value="Europe/Belgrade"/>
    <property name="java.vm.specification.version" value="11"/>
    <property name="os.name" value="Windows 10"/>
    <property name="sun.java.launcher" value="SUN_STANDARD"/>
    <property name="user.country" value="US"/>
    <property name="sun.boot.library.path" value="D:\Programs\Android Studio\jre\bin"/>
    <property name="sun.java.command" value="C:\Users\bubur\AppData\Local\Temp\surefire1957427500240991247\surefirebooter7416495685677773389.jar C:\Users\bubur\AppData\Local\Temp\surefire1957427500240991247 2022-10-22T17-41-54_609-jvmRun1 surefire4689795556216510721tmp surefire_017309800411360839342tmp"/>
    <property name="jdk.debug" value="release"/>
    <property name="surefire.test.class.path" value="D:\Programmers\NetBeansProjects\PWO\lab07\target\test-classes;D:\Programmers\NetBeansProjects\PWO\lab07\target\classes;C:\Users\bubur\.m2\repository\junit\junit\4.11\junit-4.11.jar;C:\Users\bubur\.m2\repository\org\hamcrest\hamcrest-core\1.3\hamcrest-core-1.3.jar;C:\Users\bubur\.m2\repository\org\apache\pdfbox\pdfbox\2.0.1\pdfbox-2.0.1.jar;C:\Users\bubur\.m2\repository\org\apache\pdfbox\fontbox\2.0.1\fontbox-2.0.1.jar;C:\Users\bubur\.m2\repository\commons-logging\commons-logging\1.2\commons-logging-1.2.jar;"/>
    <property name="sun.cpu.endian" value="little"/>
    <property name="user.home" value="C:\Users\bubur"/>
    <property name="user.language" value="en"/>
    <property name="java.specification.vendor" value="Oracle Corporation"/>
    <property name="java.version.date" value="2021-07-20"/>
    <property name="java.home" value="D:\Programs\Android Studio\jre"/>
    <property name="file.separator" value="\"/>
    <property name="basedir" value="D:\Programmers\NetBeansProjects\PWO\lab07"/>
    <property name="java.vm.compressedOopsMode" value="Zero based"/>
    <property name="line.separator" value="&#10;"/>
    <property name="java.specification.name" value="Java Platform API Specification"/>
    <property name="java.vm.specification.vendor" value="Oracle Corporation"/>
    <property name="java.awt.graphicsenv" value="sun.awt.Win32GraphicsEnvironment"/>
    <property name="surefire.real.class.path" value="C:\Users\bubur\AppData\Local\Temp\surefire1957427500240991247\surefirebooter7416495685677773389.jar"/>
    <property name="user.script" value=""/>
    <property name="sun.management.compiler" value="HotSpot 64-Bit Tiered Compilers"/>
    <property name="java.runtime.version" value="11.0.12+7-b1504.28-7817840"/>
    <property name="user.name" value="bubur"/>
    <property name="path.separator" value=";"/>
    <property name="os.version" value="10.0"/>
    <property name="java.runtime.name" value="OpenJDK Runtime Environment"/>
    <property name="file.encoding" value="Cp1251"/>
    <property name="java.vm.name" value="OpenJDK 64-Bit Server VM"/>
    <property name="localRepository" value="C:\Users\bubur\.m2\repository"/>
    <property name="java.vendor.url.bug" value="https://bugreport.java.com/bugreport/"/>
    <property name="java.io.tmpdir" value="C:\Users\bubur\AppData\Local\Temp\"/>
    <property name="java.version" value="11.0.12"/>
    <property name="user.dir" value="D:\Programmers\NetBeansProjects\PWO\lab07"/>
    <property name="os.arch" value="amd64"/>
    <property name="java.vm.specification.name" value="Java Virtual Machine Specification"/>
    <property name="java.awt.printerjob" value="sun.awt.windows.WPrinterJob"/>
    <property name="sun.os.patch.level" value=""/>
    <property name="java.library.path" value="D:\Programs\Android Studio\jre\bin;C:\WINDOWS\Sun\Java\bin;C:\WINDOWS\system32;C:\WINDOWS;C:\Program Files\Common Files\Oracle\Java\javapath;C:\Program Files (x86)\Microsoft SDKs\Azure\CLI2\wbin;C:\Program Files (x86)\Common Files\Oracle\Java\javapath;C:\WINDOWS\system32;C:\WINDOWS;C:\WINDOWS\System32\Wbem;C:\WINDOWS\System32\WindowsPowerShell\v1.0\;C:\WINDOWS\System32\OpenSSH\;C:\Program Files\Microsoft SQL Server\150\Tools\Binn\;C:\Program Files\Microsoft SQL Server\Client SDK\ODBC\170\Tools\Binn\;C:\Program Files (x86)\Microsoft SQL Server\150\Tools\Binn\;C:\Program Files\Microsoft SQL Server\150\DTS\Binn\;C:\Program Files (x86)\Microsoft SQL Server\150\DTS\Binn\;C:\Program Files\Azure Data Studio\bin;D:\Windows Kits\10\Windows Performance Toolkit\;C:\Program Files\dotnet\;C:\Program Files\Git\cmd;C:\Users\bubur\AppData\Local\Microsoft\WindowsApps;D:\Programs\Microsoft VS Code\bin;D:\Programs\PhpStorm 2021.3.2\bin;;D:\Install Files\flutter_windows_3.0.5-stable\flutter\bin;C:\Windows\System32;C:\Program Files\Azure Data Studio\bin;D:\Programs\IntelliJ IDEA Community Edition 2022.1\bin;;D:\Programs\PyCharm 2022.1\bin;;C:\Users\bubur\AppData\Roaming\npm;C:\Program Files\nodejs\;C:\Users\bubur\.dotnet\tools;D:\Programs\IntelliJ IDEA 2022.2.1\bin;;C:\Users\bubur\AppData\Roaming\npm;C:\Users\bubur\AppData\Local\Pub\Cache\bin;C:\ProgramData\chocolatey\bin;D:\Programs\NetBeans-15\netbeans\java\maven\bin;;."/>
    <property name="java.vm.info" value="mixed mode"/>
    <property name="java.vendor" value="Oracle Corporation"/>
    <property name="java.vm.version" value="11.0.12+7-b1504.28-7817840"/>
    <property name="sun.io.unicode.encoding" value="UnicodeLittle"/>
    <property name="java.class.version" value="55.0"/>
  </properties>
  <testcase name="shouldAnswerWithTrue" classname="pwo.AppTest" time="0.002"/>
</testsuite>